This is pdfTeX, Version 3.1415926-2.3-1.40.12 (TeX Live 2011) (format=latex 2012.11.3)  21 JUL 2013 12:23
entering extended mode
 restricted \write18 enabled.
 %&-line parsing enabled.
**datatool.ins
(./datatool.ins
LaTeX2e <2011/06/27>
Babel <v3.8m> and hyphenation patterns for english, dumylang, nohyphenation, ge
rman-x-2011-07-01, ngerman-x-2011-07-01, afrikaans, ancientgreek, ibycus, arabi
c, armenian, basque, bulgarian, catalan, pinyin, coptic, croatian, czech, danis
h, dutch, ukenglish, usenglishmax, esperanto, estonian, ethiopic, farsi, finnis
h, french, friulan, galician, german, ngerman, swissgerman, monogreek, greek, h
ungarian, icelandic, assamese, bengali, gujarati, hindi, kannada, malayalam, ma
rathi, oriya, panjabi, tamil, telugu, indonesian, interlingua, irish, italian, 
kurmanji, lao, latin, latvian, lithuanian, mongolian, mongolianlmc, bokmal, nyn
orsk, polish, portuguese, romanian, romansh, russian, sanskrit, serbian, serbia
nc, slovak, slovenian, spanish, swedish, turkish, turkmen, ukrainian, uppersorb
ian, welsh, loaded.
(/usr/local/texlive/2011/texmf-dist/tex/latex/base/docstrip.tex
\blockLevel=\count79
\emptyLines=\count80
\processedLines=\count81
\commentsRemoved=\count82
\commentsPassed=\count83
\codeLinesPassed=\count84
\TotalprocessedLines=\count85
\TotalcommentsRemoved=\count86
\TotalcommentsPassed=\count87
\TotalcodeLinesPassed=\count88
\NumberOfFiles=\count89
\inFile=\read1
\inputcheck=\read2
\off@0=\count90
\off@1=\count91
\off@2=\count92
\off@3=\count93
\off@4=\count94
\off@5=\count95
\off@6=\count96
\off@7=\count97
\off@8=\count98
\off@9=\count99
\off@10=\count100
\off@11=\count101
\off@12=\count102
\off@13=\count103
\off@14=\count104
\off@15=\count105
\@maxfiles=\count106
\@maxoutfiles=\count107

Utility: `docstrip' 2.5d <2005/07/29>
English documentation    <1999/03/31>

**********************************************************
* This program converts documented macro-files into fast *
* loadable files by stripping off (nearly) all comments! *
**********************************************************

********************************************************
* No Configuration file found, using default settings. *
********************************************************

)

Generating file(s) ./datatool-base.sty ./datatool-fp.sty ./datatool-pgfmath.sty
 ./datatool.sty ./datagidx.sty ./databib.sty ./databar.sty ./datapie.sty ./data
plot.sty ./person.sty ./databib.bst 
\openout0 = `./datatool-base.sty'.

\openout1 = `./datatool-fp.sty'.

\openout2 = `./datatool-pgfmath.sty'.

\openout3 = `./datatool.sty'.

\openout4 = `./datagidx.sty'.

\openout5 = `./databib.sty'.

\openout6 = `./databar.sty'.

\openout7 = `./datapie.sty'.

\openout8 = `./dataplot.sty'.

\openout9 = `./person.sty'.

\openout10 = `./databib.bst'.


Processing file datatool.dtx (datatool-base.sty,package) -> datatool-base.sty
                             (datatool-fp.sty,package) -> datatool-fp.sty
                             (datatool-pgfmath.sty,package) -> datatool-pgfmath
.sty
                             (datatool.sty,package) -> datatool.sty
                             (datagidx.sty,package) -> datagidx.sty
                             (databib.sty,package) -> databib.sty
                             (databar.sty,package) -> databar.sty
                             (datapie.sty,package) -> datapie.sty
                             (dataplot.sty,package) -> dataplot.sty
                             (person.sty,package) -> person.sty
                             (databib.bst,package) -> databib.bst
% % % % % % % % % % % % % % % % % % % % % % <*package > % % % % % % <*driver .
. . . . . . . . . . . . . . . . . . . . . . . . . . . . > % % % % % % % % % %
% % % % % % % % % % % % % % % % % % % % % % <*datatool-base.sty % % % % % % %
% . . % % % . . . . . % % % % . % % % % % % % % % % . . . . . % % % % % % . .
. % % % % . % % % % % . % % % % . % % % % % % % % % % . . . % % % % % . % % %
% % % . % % % % % . % % % % % % % % % . . . . . . . . . . % % % % . . . . . .
. . . . % % % % % % % % % % % . . % % % . . . . . . . . . % % % % % % % % % %
% . . . % % % . . . . . . . . . . . % % % % % % % . . . . . . . . . % % % % %
% . . . . . % % % % % % . . . . . . . . . . . . . % % % % % % . . . % % % % %
% % % % % % % % % . . . . . . . . % . . % . . . % % % % % % % % % . . . . . .
. . . % % % % % % % % % % % % . % % % . % % % . % % % . . . % % % . . . . % %
% % . . . . % % % % . . . . . % % % . . . % % % % % % % % % % % . . . . . . .
. . . . . % % % % % % % % % % % % % . . . . . . . . % % % % % % % % % % . . .
. . . . . . . . . . . . . . . . . . . . . . . . . . . . . . . . . . . . . . .
. . . . % % % % % % . % % % % % . % % % % % % % % % % . . . . . . . % % % % %
% % % % % . . . . . . . . . % % % % % % % % % . % % % % % % . % % % % % % . %
% % % % % % % % % . . . . . . % % % % % % % % % % % % % % % % % % % % % % . .
. . . . . . . . . . . . . . . . . . . . . . . . . . . . . . . . . . . % % % %
% % . . . % % % % % % % % . . . . . . . . . . . . . . % % % % . . . . . . . .
. . . . . . . . . . . . . . . . . . . . % % % % . . . % % % % % % % % % . . .
. . % % % % % % % % . . . . . . . . . . . . % % % % % . % % % % % % % % % % .
. . % % % % . . . % % % % % % % % % % . . . . . . . . . % % % % % % . . . . .
. . . . . . . . . . . . % % % % % % % % % % % . . . . . . . . . . . % % % % %
. . . . . . . . . % % % % . . . . . . . . . . . . . % % % % % % . . . . . . .
. . % % % % . . . . . . . . . . . . . . . . . . . % % % % % % . . . . % % % %
% % % % % % % . . . . . . . . . . . . . . . . . . . . . . . . . . . . . . . .
. . . . . . % % % % % . . . % % % % % % . % % % % % % % % . . . . . % % % % %
. . . . . . . . . . % % % % % % % % % % % % . . . . . . . . . . . . . . . . .
% % % % % % % % . % % % % % . . . % % % % % % % % % % % % % % . . . . . . . .
. . . . % % % % % . . . . % % % % % % % % % % % . . . . . . . . . . . . . . %
% % % % % % % . . . . % % % % % % % % % . . . . . . . . . . . . % % % % % . .
. . % % % % % % % % % . . . . . . . . . . . . . . . . . . . . . . . . . % % %
% % . . . . % % % % % % % % % . . . . . . . . . . . . . . . . . . . . . . . .
. % % % % % . . . . % % % % % % % % % . . . . . . . . . . . % % % % % . . . .
% % % % % % % % % . . . . . . . . . . . % % % % % . . . . % % % % % % % % % .
. . . . . . . . . . % % % % % . . . . % % % % % % % % % . . . . . . . . . . .
. . . . % % % % % . . . . % % % % % % % % % % % . . . . . . . . . . . . . . .
. . . . . % % % % % % % % . . . . % % % % % % % % % . . . . . . . . . . . . .
. . . % % % % % . . . . % % % % % % % % % % % . . . . . . . . . . . . . . . .
. . . . % % % % % % % % . . . . % % % % % % % % % % % . . . . . . . . . . . .
. . . . . % % % % % % % % . . . . % % % % % % % % % % % % . . . . . . . . . .
. . . . . . . . . . . . . . . . . . . . . . . % % % % % % % % . . . . % % % %
% % % % % % % % . . . . . . . . . . . . . . . . . . . . . . . . . . . . . . .
. . . % % % % % % % % . . . . % % % % % % % % % % . . . . . . . . . . . % % %
% % . . . . % % % % % % % % % % . . . . . . . . . . . % % % % % . . . . % % %
% % % % % % . . . . . . . . . . . % % % % % . . . . % % % % % % % % % % % % %
. . . . . . . . . % % % % % % . % % % . . . . . . . . . . . . . . . . . . . .
% % % . . . . . . . . % % % % % % % % % % % . . . . . . . . . % % % % . . . .
. . . . . . . . . . % % % % . . . . . . . . . . . . . . . . . . . . . . % % %
% . . . . . . . . . . % % % % % . % % % % % . % % % % % . % % % % % % . % % %
% % % % % % % . . . . . % % % % . . . . . . . . . . . . . . . . . . . . . . .
. . . . . . . . . . . . . . . % % % % . . . . . . . . . . . . . . . . . . . .
. . . . . . . . . . . . . % % % % % % % % % . . . . . % % % % . . . . . . . .
. . . . . . . . . . . . . . . . . . . . . . . . . . . . . % % % % . . . . . .
. . . . . . . . . . . . . . . . . . . . . . . . . . . % % % % % % % % % % . .
. . . . . . . . . . . . . . % % % % % % % % % % % . . . . . . . . . . . . . .
. . . % % % % % % % % % % % % % . . . . . . . . % % % % % . . . . . . . . . .
. . . . . . . . % % % % % . % % % % % % % . % % % % % % % % % % % . % % % % %
% % % % % . . . . . . . . . . . . . . . . . . . . . . . . . . . . . . . . . %
% % % % % . . . . . . . . . . . . . . . . . . . . . . . . . . . . . . . . . .
. . . . . . . . . . . . . . . . % % % % % % % . % % % % % % % % . . . . . . .
. . . . % % % % % % % % % . . . . . . . . . . . . . . . . . . . . . . . . . .
. . . . . . . . . . . . . . . . . . . . . . . . . % % % % % . % % % % % % % %
% % . . . . % % % % % % % % % % % . . . . % % % % % % % % % % % . . . . % % %
% % % % % % % % . . . . % % % % % % % % % % % . . . . % % % % % % % % % % % %
. . . . . . . . % % % % % % % % % % % % % . . . . . . . . . . . . % % % % % %
% % % % . . . . . . . . . . . . . . . . . % % % % % % % % % % % % . . . . . .
. . . . . % % % % % % % % % % % % % % % % % % % % % % % % % % % % % % % % % %
% % % % % % % % % % % % % % % % % % % % % % % % % % % % % % % % % % % % % % %
% % % % % % % % % % % % % % % % % % % % % % % % % % % % % % % % % % % % % % %
% % % % . . . . . . . . . . . . . . . . . . . . . . . . . . . . . . . . . . .
. . . . . . . . . . . . . . . . . . . . . . . . . . . . . . . . . . . . . . .
. . . . . . . . . . . . . . . . . . . . . % % % % % % . . . . . . . . . . % %
% % . . % % % % % % % % % % . . . % % % . . . . % % % % % . . . % % % . . % %
% . . . . . % % % % % % % % % % % % . . . % % % . . . % % % % % . . . . % % %
. . % % % . % % % % % % . . . . . . . % % % % % % % % % . . . . . . . % % % .
. . % % % % . . . . . . % % % % . . . % % % % % . . . . % % % . . . . . . % %
% . . % % % % . . % % % . . . . . . . . . . . . . . . . . . . . . . . . . . .
. . . . . . . . . . . . . . . . . . . . . . . . . . . % % % % . . . . . . . %
% % . . . . . . . . % % % % % % . . . % % % % % % . . . % % % % % % % . . . .
. . . . . . . . . . . . . . . % % % % % % % % % % . . . . . . . . . . . . . .
. . . . . . . . . . . . . . . . . . . . . . . . . . . . . % % % . . . . . . .
. . . . . . . . . . . . . . . . . . . . . . . . . . . . . . . . . . . . % % %
% . . . . . . . . % % % . . . . . . % % % . % % % . . . . % % % . . . . . . .
. . . . % % % . . % % % . % % % % . . . . % % % % . . . . % % % . . . . . . %
% % . . % % % . % % % . . . . . % % % . . . . . . . . . . . % % % % % % . % %
% % % . % % % % % . % % % % % . % % % % % % % % % % . % % % . . % % % . . % %
% % . . . . . . % % % % % % % % % % % . % % % . . % % % . . % % % . . . % % %
. . . . % % % . . % % % . . . % % % . % % % . % % % . . . . . % % % . % % % .
. . . . % % % % % % . . . . % % % % % % % % % . . . % % % % % % % % % . . . %
% % % % % % % % . . . . . . % % % . . . . . . % % % % . . . % % % . . . . . .
. . % % % % % . . . . . % % % . . . . . . % % % % % . % % % % % % . . . . % %
% . . . . . % % % . . . . . % % % % % % % % % . . . . % % % . . . . . % % % .
. . . . % % % . . . % % % . . . . . % % % % % % % % % % % . . . . . . . . . .
. % % % % % . . . . . . . . . . % % % % % % % % % % . % % % . . . . . . . . .
. % % % . . . . . . . . . . % % % % % % % % % % % % . % % % . . . . . . . . %
% % . . . . . . . . % % % % % % % % % % % % . . . . . . . . . . . % % % % % %
% % % % . % % % . . . . . . . . . . % % % . . . . . . . . . . % % % % % % % %
% % % . % % % . . . . . . . . % % % . . . . . . . . % % % % % % % % % % % % .
. . . . . . . . . . % % % % % % % % % % . % % % . . . . . . . . . . % % % . .
. . . . . . . . % % % % % % % % % % % . % % % . . . . . . . . % % % . . . . .
. . . % % % % % % % % % % % % . . . . . . . . . . % % % % . . . % % % % % . .
. . . . . . . . . . . . . . . . . . . . . . . . . . . . . . . . . . % % % % %
% % % % % % % . . . . . . . . . . % % % % % % % % % % % . . . % % % % % . . .
. . . . . . . . . . . . . . . . . . . . . . . . . . % % % . . . . . % % % . .
% % % % . . % % % . . . . . . . . . . . . . . . . . . . . . . . . . . . . . .
. % % % % . . . . . . . . % % % . . . . . . . . % % % % % % % % % . . . . . .
% % % % % % % % % % . . . % % % . . . . . . . . . . . . . . . . . . . . % % %
. . . . . . . . . . . . . . . . . . . . % % % % % % % % % % % % . . . % % % .
. . . . . . . . . . . . . . . % % % . . . . . . . . . . . . . . . . % % % % %
% % % % . . . . . . % % % % % % % % % % . . . % % % . . . . . . . . . . . . .
. . . . . . . . % % % . . . . . . . . . . . . . . . . . . . . . % % % % % % %
% % % % % . . . % % % . . . . . . . . . . . . . . . . % % % . . . . . . . . .
. . . . . . . % % % % % % % % % % % . % % % % % % % % % % . % % % % % % % % %
% % % % % . . . % % % % % % . . . % % % % % % % % % . . . % % % % % % % . . .
% % % % % % % . . . % % % % % . . . % % % % % % % % . . . % % % % % % . . . %
% % % % % % . . . % % % % % . . . % % % % % % % % . . . % % % % % % . . . % %
% % % % % . . . . % % % % % % % . . . . % % % % % % % % . . . . % % % % % % .
. . . % % % % % % % % . . . . % % % % % . . . . % % % % % % % % . . . . % % %
% % . . . . % % % % % % % % . . . . % % % % % % . . . . % % % % % % % % . . .
. % % % % % . . . . % % % % % % % % . . . . % % % % % % . . . . % % % % % % .
% % % % % % % % . . . . % % % % % . . . . % % % % % % % % . . . . . . . . . %
% % % % . . . . % % % % % % % % . . . . . . . . . % % % % % . . . . % % % % %
% % . . . . . . . . . % % % % % . . . . % % % % % % % % . . . . . . . . . . .
. . % % % % % . . . . % % % % % % % % . . . . . . . . . . . . . % % % % % . .
. % % % % % % % . . % % % % % . . % % % % % % % . . . % % % % % . . % % % % %
% % . . % % % % % . . % % % % % % % . . % % % % % . . % % % % % % % . . % % %
% % . . % % % % % % % . . % % % % % . . . . % % % % % % % . . . % % % % % % %
% % % % % % % . % % % . . % % % % . % % % . % % % . % % % . . . . . . . % % %
. . . . . . . % % % . . % % % % % % . % % % % % % % % % % % % % . % % % . % %
% . % % % . . . % % % % . . . % % % % . . . % % % . % % % . . . . . . . % % %
. . . . . . . % % % . . % % % . . % % % % % % % . . . . . . . . . % % % % > %
% % % <*datatool-fp.sty % % % % % . . % % % . . . % % % % . . . . . . . . % %
% % % . % % % % % . % % % % % % % % % % . . . . . . . % % % % % % . % % % % %
% % % % % % % % . . . . . . . % % % % % % % % % % % % . . . . . . . % % % % %
% % % % % . . . . . . . . . . . . . . . . . . % % % % % % % % % % . . . . . .
. . . . . . . . . . . . . . . . . . . . . . . . % % % % % % % % . . . % % % %
% % . . . % % % % % % . . . % % % % % % . . . % % % % % % . . . % % % % % % .
. . % % % % % % % . . . % % % % % . . . % % % % % % . . . % % % % % % . . . %
% % % % % . . . % % % % % % . . . % % % % % > % % % % <*datatool-pgfmath.sty %
% % % % . . % % % . . % % % % . % % % % % . % % % % % % % % % % % . . . . . .
% % % % % . % % % % % % % % % % % % % . . . . . . % % % % % % % % % % % % % .
. . . . . % % % % % % % % % % % . . . . . . . % % % % % % % % % % % . . . . .
. . % % % % % % % . . . . % % % % % % . . . . % % % % % % . . . . % % % % % %
. . . . % % % % % % . . . . % % % % % % . . . . . . % % % % % % % . . . . . .
% % % % % % . . . % % % % % % . . . . % % % % % % . . . . % % % % % % . . . .
% % % % % % . . . . % % % % % > % % % % <*datatool.sty % % % % % % . . % % % .
. . . % % % . % % % % % % % % % . % % % % % % % % % . . . . % % % % % % % . .
. . . . . % % % % % % % % . . . . % % % % % % % % . . . . % % % % % % % % % %
% % % . . . . . . . . . . % % % % % % % % % % . . . . % % % % . . . . . . . .
. . % % % % % % % % % . . . . . . . % % % % % % % % % % . . . . . . % % % % %
% . . . % % % % % % . . . % % % % % . % % % % % % % % % . . . . % % % % % . %
% % % . % % % % . % % % % % % % % % . % % % % % % % % % % % % % % % % % % % %
% % % % % % % % % % % % % % % % % % % % % % % % % % % % % % % % % . % % % . .
. . . % % % % . % % % . % % % . % % % . % % % . . . % % % % % % % % % % . . .
. . . . . . . . . . . . . . % % % % % % % % % % . . . . . . . . . . . . . . .
. . % % % % % % % % % % . % % % . . . . . % % % % . % % % . % % % . % % % . %
% % . . . % % % % % % % % % . . . . . . . . . . . . . . . . . % % % % % % % %
% . . . . . . . . . . . . . . . . . % % % % % % % % % % % . . . % % % % % % %
% % % % . . . % % % % % % % % % . . . . . . % % % % % % % % % % . . . . . . .
% % % % % % % % % % . . . % % % % % % % % % % % . . . . . . % % % % % % % % %
% % . % % % . % % % . . . . . . . . % % % . . % % % % % % % . % % % % % % . %
% % % % % % % % % % % % % . % % % % % % . . . . . . . . . % % % % % . . . % %
% . . . % % % . . . % % % % % % % % % % % % % % . . . % % % % % % % . % % % .
. % % % . . % % % . . . % % % . . . . . % % % . . . % % % % % % % . . . % % %
% % % % % % % % % % . . . % % % % % % % % % % . . % % % % % . . . % % % . . .
. . . . . . . . . . . . . . . % % % % % % % % % % . . . . . % % % % % % . . .
. . . . . . . . . . . . . . . . . . % % % % % % % % % % . % % % % % % . % % %
% % % . % % % % % % . % % % % % % . % % % % % % % % % % % % % % . . . % % % %
% % % . % % % . . % % % . . % % % . . . % % % . . . . % % % . . . % % % % % %
% % % . . . . . . % % % % % % % % % % . . . . . . . . . . . . . % % % % % % %
% % % . . . . . . . . . . . . . . . . . . . % % % % % % . % % % % % . % % % %
% . % % % % % % % % % % % % . . . . . . . . . . . . % % % % % % % % % % % % .
% % % . . % % % % . . % % % % . . . . . . % % % % % . . . % % % . . % % % . %
% % . % % % % . . . . . % % % % . % % % . . % % % . % % % . . . . % % % . . .
. . % % % . % % % . % % % . . . . . . . . . . . . . . . . . . . . % % % . . .
% % % . . % % % . . . . . . . . % % % . . . . . . . . . . . . . . . % % % % %
% % % % % . % % % % % % . % % % . . % % % . . . . . . . . . . . . . % % % % %
% . . . . . % % % % % % % % % % . % % % % . . . . . . % % % . % % % . . . . .
. . . . . . . . . . . . . % % % % % % . . . . % % % % % . . . % % % . % % % %
% % % % % % % . . . % % % % % % . . . . . . % % % % % . % % % . % % % . . % %
% . . . % % % . . . . . % % % % % . % % % % . . . % % % . % % % . . % % % . %
% % % . . % % % . . % % % . . % % % . . % % % . . % % % . % % % . . % % % . .
. . . % % % % % % % % % % % % % . . % % % % % % % % % % % % % % % % % % . % %
% % . . . . . % % % % % % % % % % % % . . . % % % % % % % % % % . % % % . . .
. . . % % % . . . % % % . . . . . % % % . . % % % . . . . . . . . % % % % % .
% % % % % % % % % % % . % % % . . % % % . . . % % % . . . % % % % % % . % % %
% . % % % . % % % . . % % % . . . % % % % % % . % % % % % % . % % % % % . % %
% % % % . % % % % % % % % % % . . . . . . . . . . . . . . . % % % % % . % % %
% . % % % % % % % % % % % % . . . % % % % % % . % % % . . % % % . . % % % . .
. % % % . . . . . % % % . . . % % % % % % % . . . . . . . . . . % % % % % % %
% % % % % % . . . . . . . . . . % % % % % % . % % % % % . % % % % % . % % . %
% % % % % % % % % % . . . . . . . % % % % % % % % % % % . . . . . . . . . . .
. . % % % % % % % % % % % . . . . . . . . . . . % % % % % % % % % % . . . . %
% % . % % % . . . % % % . % % % . . . % % % . . . . % % % % % % % % % % . % %
% . % % % % . . . . . % % % % % % % % % % % % % . . . . . . . . . % % % % % %
% % % % % . % % % . . . . . . % % % . . . % % % . . % % % . . . % % % . . . .
% % % . % % % . . . . . % % % % % % % % % % . % % % . . . . . . % % % . . . .
% % % . . . . % % % % % % % % % % % . . . . . . . . % % % % % % % % % % % % .
. . % % % % % % % % . . . . . % % % % % % % % . . . . . . . . . . . . . % % %
% % % % % % % . % % % % . % % % . . % % % . . . . . % % % % . . % % % . . % %
% . . . % % % . . . % % % . . . . % % % . . . % % % . . . . % % % % % % % % %
% % . % % % % . % % % . . % % % . . . . . % % % % . . % % % . . % % % . . . %
% % . . . % % % . . . . % % % . . . % % % . . . . . . . % % % % % % % % % % .
. . . . % % % % % . . . . . . . . . . . . . . . . . . . % % % % % % % % % % %
. . . . . . . . . . . . . . . . . . % % % % % % % % % % % % % . . . . . . . .
. % % % % % % % % % % % . . . . . % % % % % % % % % % % . . . . . . . . . . .
. . . . % % . / % % % % % % % % % % % . . . . . . . . . % % % % % . . . . % %
% . % % % . % % % . % % % . . . . . . % % % % . . . % % % . . . % % % . . . %
% % . % % % . . . % % % . . % % % . % % % . . % % % % % . % % % % % % % % % %
% % % . . . . . . . . . . . . . % % % % % . . . . . . % % % % % % % % . . . .
. . . . % % % . . % % % . % % % . % % % . . . . . . % % % . . . % % % . % % %
. . % % % . . % % % . . % % % . . % % % % % % % % % % % % . % % % % % . % % %
. . . . . . % % % . . . . . % . . . . % % % % % . . . . . . . . % % % % % % %
% % % % . . . % % % % % . . . . . . . . . . . . . . . . . % % % . . . . % % %
% % . . . . . . . . % % % % % % % % % . % % % . % % % . % % % . . . . . . . %
% % . . . % % % . . . % % % . . % % % . . . . % % % . . % % % % . % % . % % %
% . % % % % % % % . . . % % % . . . . . % % % . . . % % % . . . . . . . . . %
% % % % % % % . . . . . . . . . . . . . % % % % % % % . . . . . . . . . % % %
% % % % . . . . . . . . . % % % % % % % % % % % % % % % % % % . % % % % % % %
% % . % % % . . % % % . % % % . % % % . % % % . . . . . . % % % . . % % % % .
. . % % % . . . % % % . . . . . . . . % % % . . . % % % % . . . . . . . . % %
% . . . % % % . . . . . . . % % % . . . % % % . . . % % % % . . . . % % % . .
. . . % % % . . . % % % . . . % % % . . . % % % . . . . % % % . . % % % . . .
. . % % % . . . . % % % % . . . . . . . . . . % % % . . . . . . . . . . % % %
. . % % % . . . . % % % . . . . . . . % % % . . . . . . . . . . . . . . . . .
% % % . . % % % . . % % % . . % % % . . . . % % % . . % % % . . . . % % % % %
% % % . % % % . . % % % . % % % . % % % . . . . . . % % % . . % % % % . . . %
% % . . . % % % . . . . . . . . % % % . . . % % % % . . . . . . . . % % % . .
. % % % . . . . . . . % % % . . % % % . . . % % % . . % % % . . % % % . . . %
% % . . % % % . . . % % % . . % % % . . . . . . % % % . . % % % . . % % % . .
% % % . . . . % % % . . % % % . . . . % % % % % % % % % % . . . % % % . . % %
% . . . % % % % % % % % % % % % % . . . . . % % % . . % % % . . . . . . . % %
% . . % % % % . % % % . . % % % . . % % % . . . . . % % % % % . . % % % . . .
. . . . . . % % % . . . % % % . . . . . . % % % % % % % % % % % % % . . . . .
% % % . . % % % . . . . . . . % % % . . % % % . . % % % . . % % % . . % % % .
. . . . % % % . . . . . % % % . . . . . . % % % . . . . . . . . . . . . . . .
. . . % % % % % % % % % % % % % % . . . . . % % % . . % % % . . . . . . . % %
% . . % % % . . % % % . . % % % . . % % % . . . . . % % % . . . . . % % % . .
. . . . % % % % . . . . . . . . . . . . . . . . % % % . . . . . % % % . . . .
. . % % % % % % % % % % % % . . . . . % % % . . % % % . . . . . . . % % % % .
. . . . . % % % % % % % % % % % % % % . % % % % . . . . . % % % . . % % % . %
% % . % % % . . . . . . . . . % % % % % % % % % % % . . . . . % % % . . % % %
. . % % % % % % . . % % % . . . % % % . . % % % % % . . % % % . . . % % % % .
% % % % . . . . . % % % % % % % % % % % % % % % % % % % . . . . % % % % % % %
% % % % % % % % % % % % % % % % . . . . % % % % % % % % % % % % . . . . % % %
% % % % % % % % % . % % % % % % % . % % % % % % % . % % % % % % . % % % % % .
% % % % % . % % % % % . % % % % % % % % % % % . . . . . . . . . . . . % % % .
. % % % . . % % % . . % % % . . % % % . . . . . . . . % % % % % % % % % % . %
% % % % % % % % % . % % % % % % % % % . % % % % % % % % % . % % % % % % % % %
. % % % % % % % % . % % % % % % % . % % % % % % % % . % % % % % % % . % % % %
% % % % . % % . % % % % % % % % . % % % % % . . % % % . . % % % . . . % % % .
. . . . . . . % % % . . % % % . . % % % . % % % % . % % % . . . . . . . . . .
. % % % . % % % % . % % % . % % % . % % % % . % % % . . . . . % % % % . . % %
% % % . . . . . . . . . . . . . . . . . . % % % % % % % % . % % % % . % % % .
% % % . % % % . % % % . % % % . % % % % % . . . . % % % % % % % % % % % % . %
% % . . . . . . . % % % . % % % % . . . % % % . . % % % . . . % % % . . . . .
. . . . . % % % . . % % % . % % % . . . . % % % . . . . % % % . % % % . . . .
. . . . . . . . . . % % % . % % % . . . . . % % % . . . . . . . . . . . . . %
% % . . . . . . % % % . . . . . . . . . . . . . . % % % . . . % % % . . . . .
. . % % % % % . . . . . . . . . . . . . . . . % % % % % % % % % % % % % % % .
. % % % . % % % % . . . . . . . % % % . . % % % . . % % % . % % % . . . % % %
. . % % % . % % % . . % % % . % % % . % % % . . . . . . . % % % . % % % . % %
% . . . . . . . % % % . . . . % % % % % % % % % % % . . . . . . . . . . . % %
% % % % . . . . . . . . . . . . . . . . . . . . . . . . . . . . . . . . . . .
. . % % % % % % % % % % . % % % . . % % % . % % % . . . . . . . . . . . . . .
. . . . . . . . . . % % % % % % % % % % % . % % % . . % % % . . . . % % % . .
. % % % . . . % % % % % % % % % % % % % % % % % % . . . . . % % % % % . . % %
% . % % % . . . % % % . . . . . . . . . . % % % % % % % % % % % % . . % % % .
. % % % . . . . . . . % % % . . . . . % % % . . . . . % % % % % % % % % % % %
% % % . . . . . % % % % % % . % % % % % . . . % % % . % % % . . . % % % . . .
. . . . . . . . . % % % . . . . . . . % % % % % % % % % % % % % . . . % % % .
. % % % . . . . . . . . . . . . . . . % % % . . . . . % % % . . . . . % % % %
% % % % % % % % % % % % . . . . . % % % % % . . . . % % % . % % % . . . % % %
. . . . . . % % % . . . . . . . . % % % . . . . . . . % % % % % % % % % % % %
% . . . . % % % . . % % % . . . . % % % . . . . . . . . . . . . . % % % . . .
. . % % % . . . . . % % % % % % % % % % % % % % % % % . . . . . % % % % . . .
. % % % % % % % % % % % % % . . . . % % % % % % % % % % % % % % % % . . . . .
% % % % % . . % % % . % % % . . . % % % . . . . . . % % % % . . . . . . . . .
. . . % % % % % % % % % % % % % . . % % % . . % % % . . . . . . . . . . . . .
% % % . . . . . % % % . . . . . % % % % % % % % % % % % % % % % % . . . . . %
% % % % . . % % % . % % % . . . % % % . . . . . . . . . . . . . . . . . . % %
% % % % % % % % % % % . . % % % . . % % % . . . . . . . . . . . . . % % % . .
. . . % % % . . . . . % % % % % % % % % % % % % % . . . . . . . . . . . . . .
. . . . . . . . . % % % % % % % % % % % % % % % % . % % % . % % % . % % % . .
. . . . . . % % % % % % % % % % % % % % % % . . . . . . . . . . . . . . . % %
% % % % % % % . % % % % % % % % % % % % % % % % % . % % % % % % . . . % % % %
% % . . . % % % % % % % % % % % % . % % % . . . . . % % % . % % % . % % % % %
. % % % . . . . . . % % % % % % . % % % % % . % % % % % % % % % % % % % . % %
% . % % % . % % % . . % % % . % % % % . % % % . % % % . . . . . . . % % % . %
% % . % % % . % % % % . . % % % % . % % % . % % % % . % % % % . % % % . % % %
. . . . . . . . % % % . % % % . . . % % % . . % % % . . . . . . . . % % % . %
% % . . % % % % . % % % . . % % % . . . . . . . . . % % % . . % % % . . . % %
% % % % % % % % % % % % . % % % . . % % % % . % % % . . % % % % . % % % . % %
% . % % % . % % % . . % % % . % % % . . % % % . . % % % % . % % % . . % % % .
% % % . . % % % . . % % % . . . . . . % % % . . % % % % . % % % . . % % % . %
% % . . % % % . . % % % . . . . . . % % % % % . . % % % . . . . % % % % . % %
% . . % % % . . . % % % % . . % % % % % % % % . % % % . % % % % . % % % . . %
% % . . . % % % % . % % % % % . . % % % . . % % % . . % % % . . % % % . . . %
% % % . . . . . % % % % % . % % % % % . % % % % . % % % % % % % % % % % . . .
% % % % % % % % % % % % % % . % % % . % % % . . . % % % . % % % . . . % % % .
. % % % % . % % % . . . . . . . . . . % % % . % % % . % % % . . % % % . . . .
. % % % . . . % % % . . . . % % % . . . . . . % % % % % % % . % % % % % % % %
% % . . . % % % % . % % % . % % % . . . . . . . . . . . . . . . . . . . . . .
. . . . . . . % % % . % % % . . % % % . % % % . . . . . . . . . . . . . . . .
. . . . . . . . . . . % % % . . % % % . . . . . . . % % % % % % % % % % . . .
% % % . % % % . % % % . . % % % . % % % . . % % % . . . % % % . . . . % % % .
. . . . . % % % % . % % % . . . . . . . % % % % % % . % % % % % % % % . . . %
% % . % % % % . . . . . . . . . . % % % . % % % % % % % % . . . . . . . . % .
. . . . . . . % % % % . % % % % . . . % % % % % % . . . . . . . . . . . . . .
% % % . % % % % . . . . . . . . . . . % % % . . . . . . % % % . . . . . . % %
% . . . . . . . . . . % % % . % % % . % % % % . % % % . . . . . . . % % % % %
% % % % . . . % % % . % % % % . . . . . . . . . . % % % . % % % % . % % % % .
. % % % . . . . . . . . . % % % . . % % % % % % . . % % % % . . . . . . . . %
% . . % % % . . % % % . . . . . . % % % . . . . . . % % % . . . . . . . . . .
% % % . % % % . % % % . % % % . . . . . . . % % % % % % % . % % % % % . % % %
% % % % . % % % % % % % . . . . . . . . . . % % % % . . . . . . . . . . . % %
% % % . . % % % % % % . % % % % % % % % % % . % % % . % % % . . . . . % % % .
. % % % % % % % % % % . % % % . % % % . % % % . . % % % % % % % % . % % % . %
% % % % % % % % % % % % % % . . . . % % % % % % % . % % % . % % % % . . % % %
. % % % . % % % . . % % % % . . . . . % % % . . . % % % . % % % . . % % % . .
% % % . % % % . % % % . . % % % . % % % . . . . . . . % % % . . % % % % . . %
% % . % % % % % % . % % % . % % % . % % % % . . . . . % % % . % % % % % . . .
. . . . % % % % . . . . . . . . % % % . . . . . % % % . . % % % . % % % % . .
. . . . . % % % % . . % % % . % % % % % % . . % % % . . % % % % . % % % % . .
. % % % . % % % % % % . % % % . % % % . % % % . . % % % . % % % % . . . . . .
. . . . . . . % % % . % % % . . . % % % . . . % % % . . . % % % . % % % % . %
% % . . . % % % . % % % . % % % . . . . . . . . . . . . . . . % % % . % % % .
% % % . . . . % % % % % % % % % . . . . . % % % % % % % . . . . . . . . . . .
. . . % % % % . % % % % % % % % % % % % % . . . . % % % % % % % % % % . . . .
. . . . . . . . . . . . . . . . . . . . . . . . . . . . . . . . . % % % % % .
. . . . . . . . . . . % % % % % % % % % . . . . . . . % % % . . . . % % % % %
% . % % % % % % % % % % . . . . . % % % % % % % % % % % % . . . % % % % % % %
% % % . . . % % % % % % % % % % % . . . % % % % > % % % % <*datagidx.sty % % %
% % % % % % % % % % % % % . . % % % . . . . . . . % % % . % % % % % % % % . %
% % % % . . . . . . . . . . . . . . % % % % % % . % % % % % . % % % % % % . %
% % % % % % . % % % % % . . . . . . . . . % % % % % % . . . % % % % % . . . .
. . . . . . . % % % % % % . % % % % % . % % % % % % % . % % % % . . . . . . .
. . . . . . % % % % % % % . % % % % % % . % % % % % . . . . . . . % % % % % %
. % % % % % . . . . . . . . . . . . . % % % % % % . % % % % % % . . . . . . .
. . % % % % % % . . . . . . . . % % % % % . . . . . . . % % % % % % . . . . %
% % % % % . . . . . . . . . . . . . . . . . . . . . . . . . . . . . . . . . .
. . . . . . . . . . . . . . . . . . % % % % % % % . % % % % % % % . % % % % %
% % . % % % % % % . % % % % % % . . . . . . . . . . . . . % % % % % % . . % %
% % % . . % % % . . . . . . % % % . . . . . . . . . % % % . . . . . . . . . .
. % % % . . . . . . . . . . . . % % % . . . . . . . . . . . . % % % . . . . .
. . . . . . . . % % % % % % % % % . . . . . % % % % . % % % % % % % % % % % %
% % % % % % % % % % % % % % % % % % % % % % % % % . % % % % % % % % % % % % %
% . % % % . . % % % . . . % % % % . . . % % % . . . % % % % % % . . % % % % .
. % % % % . . % % % % % % . . . . % % % % % % . . . . % % % % % % % % % % % .
. % % % . . . . . % % % . % % % . % % % % . . . . . . . . . . . . . . . . . %
% % . % % % . . % % % % % % % . . . . . . . . . . . . . . % % % % % . . . . .
. . . . . . . . . . % % % % % % % % % . % % % % % % % . % % % % % % % % % % %
% . . . . . . . . . . . % % % % % % % . . . . . . . . % % % % % % % % % . . .
. % % % % % . . . . . % % % % % . . . . . % % % % % % . . . . % % % % % % . .
. . % % % % % % . . . . . % % % % % % . . . . . % % % % % % . . . % % % % % %
. . . % % % % % % . . . % % % % % % . . . . % % % % % . . . % % % . % % % % %
. . . % % % % % . . . . . % % % % % . % % % % . % % % % % . % % % % % . % % %
% % . % % % % % % % % . . . % % % % % % % % . . . . . . % % % % % . . . . . %
% % % % % % % . . . . . % % % . . % % % . . % % % . . . % % % . . . . . . % %
% % % % % % . . . . . . . % % % % % % . % % % % % % . % % % % % % % % . . . %
% % . . . . . . . . . % % % . . . % % % % % % % . . . . . . . . . . . % % % .
. % % % . . . % % % . . . % % % . % % % . % % % . . . . . . . . . . . . . % %
% . . . . . . . . . . . . . . . . % % % . % % % % . . . . % % . % . . % % % %
. . . . . . . . . % % % . % % % . . . % % % % % % . . % % % . . . . . . % % %
% % % . . . . . . % % % % % % % . . . . . . . . . . . . . . . . . . . . . . .
. . . . . . . . . . . . . . . . . . . . . . . . . % % % % % % . . . . . . . .
. . . . . . . . . . . . . . . . . . . . . % % % % % . . . . % % % % % % % % .
. . . . . . % % % % % % . % % % % % % . % % % % % % . % % % % % % % . . . % %
% % % . . . . . . . % % % % % . % % % % % % % . . . . . . . . . . . . . . % %
% % % % % . . . . . . . . . . % % % % % % . . . . % % % % % % . . . . % % % %
% % % . % % % % % % % % . % % % % % % % . % % % % % % . % % % % % . % % % % %
. % % % % % % . % % % % % . % % % % % % % % % % % . % % % . . . . . . . . . .
. . . . . . . . . . . . . . . . . . . . . . . . . . . . . . % % % % % % % % %
% . % % % . . . . . . . . . . . . . . . . . % % % % % % % % % % . % % % . . .
. . . . . . . . . . . . . . . . . . . . . . . . . . % % % . . . . % % % % % %
. % % % % % % . % % % % % % % % % . . . . . . . . . % % % % % % % . . . . . .
% % % . . % % % . % % % % . % % % . . . . . . . . % % % . . . . . . . . . % %
% % . % % % . . . . . . . . % % % . . . . . . . . . . . . . . . . . . . . % %
% . . % % % . . . % % % % . . % % % . . % % % . . . . % % % . . . . . . . . .
. . . . . . . . . . . . . . . . . . . . . . . . . . . . . . . . . . . . . % %
% % % . % % % % % % . . . . . . . . . . . . . . . . . . . . . . . . . . . . .
. . . . . . . . % % % . % % % % . % % % . % % % . . . . . . . . . . . . . . .
. . . . . % % % . . . . . . . . . . . . . . . . . . . . . % % % . . . . . . .
. . . . . . . . . % % % % . . . . . . . . . . . . . . . . . % % % % . % % % .
. . . . . . . . . . . % % % . . . . . . . . . . . . . . % % % . . % % % . . .
% % % % . . % % % . . % % % . . . . % % % . . . . . . . . . . . . . . . . . .
. . . . . . . . . . . . . . . . . . . . . . . . . . . . . . . . . . . . . . .
. . . . . . . . . . . . . . . . . . . . % % % % % . . % % % % % % % % . % % %
% % % . % % % % % . . . . . . . . . . . . . . . . . . . . . . . . . . . . . .
. . . . . . . % % % . % % % % . % % % . % % % . . . . . . . . . . . . . . . .
. . . . . % % % . . . . . . . . . . . . . . . . . . . . . . % % % . . . . . .
. . . . . . . . . . . % % % % . . . . . . . . . . . . . . . . . . % % % % . %
% % . . . . . . . . . . . . . . % % % . . . . . . . . . . . . . . . . . . . .
. . . . % % % . . % % % . . . % % % % . . % % % . . % % % . . . . . . . . . .
. . . . . . . . . . . . . . . . . . . . . . . . . . . . . . . . . . . . . . .
. . . . . . . . . . . . . . . . . . . . . . . . . . % % % % % % . . . . . . .
. . . . . . . . . . . . . . . . . . . . . . . . . . . . . . . . . . % % % . .
% % % . . . % % % % . . % % % . . % % % . . . . . . . . . . . . . . . . . . .
. . . . . . . . . . % % % . . . . . . . . . . . . . . . . . . . . . . . . . .
. . . . . % % % % % % . % % % % % % . % % % % % % . . . . . . . . . . . % % %
% % % . % % % % % % . % % % % % % . % % % % % % . % % % % % % . % % % % % % %
% % % % % % . . . . . . . . . . . . . . % % % . . . . . . . . . . . . . . % %
% . . % % % . . . % % % % . . % % % . . % % % . . . . % % % . . . . . . % % %
. . . % % % . . . . . . . . . % % % . % % % . . . . . . . . . . . . . % % % .
. . . . . . . . . . . . . . . . . . . . . % % % % % % % . . . . . . . . . . .
% % % . . . . % % % % % . . . . . . . . . . . . . . % % % % % % . . . . . . .
. . . . . . . . . . % % % % % % . % % % % % . . . . . . . . . . % % % % % % .
% % % . % % . . . . . . % % % % . . . . . . % % % . % % % . . % % % % % % . %
% % . % % % . . % % % % . . . . . . % % % . . . . % % % . . . . . . . . . . .
. . . . . % % % % % . % % % . % % % . . % % % . . % % % . . . . % % % . . . .
% % % . . . . % % % . . . % % % . . % % % % . . . . % % % . . . % % % . . . .
. . . % % % . % % % % . . % % % . . . . . . . . % % % . . % % % . . . . . . .
% % % % % % . % % % % % . . . % % % % % . . . % % % % % % . % % % . . % % % .
. . . . . . . . . . . . % % % . . . . . . % % % % % % . % % % . . % % % . . .
. . . . . . . . . . . . . . % % % % . . . . . . . . . . . . . . . . . % % % %
% % % % . % % % % % % . . . % % % % % . . . . . . . . . . . . % % % . . % % %
% % . . % % % . . . . % % % % % % % % % . . . . . % % % % . % % % % % % % . %
% % . % % % . . % % % . % % % . . . . . . % % % . . . % % % % % % % % % % . %
% % . % % % % . . . . . % % % . % % % . . . . . % % % % . % % % % % % . . . %
% % % . . . . . . . . . . . . . . . . . . . . . . % % % % % % . . . . . . . .
. . . . . . % % % % % % % % % . . % % % % . . % % % % . . % % % % . . . . % %
% % . % % % % . . % % % % . . % % % % . . % % % % . . . . . % % % % . . . . .
% % % % . . . % % % % . . . % % % % % % % . . . . % % % % % % % % . . . . % %
% % % % % . % % % % % . % % % % % % . . . . . . . % % % % % % % . . . . % % %
% . . . . . . . . . . . . % % % % % % % % % % . % % % % . . . . . . . . . . .
. . . . . . . . . . . . . . . . . . . . . . . . . . . . . % % % % % . % % % %
% % . % % % % % . % % % % % % % . . . % % % % % % % % % . . . % % % % % % % %
% % % % . % % % % % . % % % % % % % % % . . . % % % % % % % % % % . . . % % %
% % % % % % . . . % % % % % % % . % % % % % % % % % % . % % % % % % % . % % %
% % % % % % % . % % % % % % % . % % % % % % % % % . % % % % % % % % % . % % %
% % % % % % . % % % % % % % % % . % % % % % . % % % % % % . % % % % % % . % %
% % % % . % % % % % % . % % % % % . % % % % % % . % % % % % % % . . . . . . .
. . . . . . . . . . . . . . . . . . . . . . . . . . . . . . . . . . . % % % %
% % % % % . . . . . . . % % % % % % % % % . . . . . . % % % % % % . % % % % %
. % % % . . . . . . . . . . . . . . . % % % . . % % % . . % % % . % % % % . %
% % % % . % % % . . . . . . . . . . . . . . . . . . . . . . . % % % . % % % .
. . . . . % % % . % % % . % % % . . % % % . . . . . . . . . . . . . . % % % %
% % % . . . . . . . . . . . . . . . . . . . . . . . . . . . . . . . . . . . .
. . . . . % % % . % % % . . . . . . % % % . . . . . . . . . . . . . . . . . .
. . . . . . . . . . % % % % . % % % % . . % % % % % . % % % % % % % % . % % %
% % % % . . . . . . . . . % % % % % % . % % % . % % % . . % % % . . . . . . %
% % . . . . % % % . . . . . . . . % % % % % % . % % % . % % % . . % % % % % .
. . . . . . . . . % % % . % % % . . % % % % . . . . . % % % . . . . . . . . %
% % % % % . . . . . . . . . . . . . . . . . . . . . . % % % % % % % % % . . .
. . . . . . . . . . % % % % % . % % % % % % % . % % % % % % % % % % % % . . .
% % % % % % % % % . . . % % % % % % % % % . . % % % % . . . . . . . . . . . .
. . . . . % % % % % % % % % % % . % % % % . % % % . . . . . . . % % % . . % %
% % . . % % % % % % % % % . % % % % . % % % . . . . . . . % % % . . % % % % .
. % % % % % % % % % . . . . . . . . . . . . . . . . . % % % % % % % % % . . .
. . . . . . . . . . . . . . % % % % % % % % . % % % % % . . . . . . . . . . .
. . . . % % % % % . . . % % % % % . . . . . . . % % % % . . . . . . . % % % %
. . . . . . . % % % % % % % . . . . . . . . . . . % % % % . % % % % % % % % %
. . . . . . . . . . % % % % % % . . . . . . . . . . . . . . % % % % . . . . .
. . . . . . . . . . . . . . % % % % % % % % % . . . . % % % % % % % % % . . .
. % % % % % % % . % % % . . % % % % . % % % . . . . . . . % % % % . . . . . %
% % . . . % % % % % % % % % . . . . . . . . . . % % % % % % % % % % % . % % %
. . . . . % % % % . % % % . . . . . . . % % % . . . % % % . . % % % . . . . .
% % % % . . . % % % . . % % % . . . % % % % . % % % . % % % % . . . . % % % %
% % . % % % % % % % . . % % % . % % % . % % % % . . . . . . % % % . . . % % %
. . . . . % % % . . . % % % % . % % % . . . % % % % % % % . % % % . % % % . .
. . % % % . . . % % % % % . . . . . . . . % % % % % % % % % % . . . . . . % %
% % % % % % % . % % % % . . . . . % % % . % % % . . . . . . . % % % % % . . .
% % % . % % % % . . . % % % % . . . . . . . . . . . % % % . . . . % % % % . .
. % % % % % % . . . . . . . % % % % % % % % . . . . % % % . . . . . % % . % %
% . . % % % % . % % % . . . . . . . % % % . . % % % . . . % % % . . . . . % %
% % . . . % % % % % % . % % % % % % % % % . . . . . . . . % % % . . . % % % %
. . . . % % % . . % % % . . . % % % . . . . . % % % % . % % % . . . . . . . %
% % % % % % % % % . . . . . . . . % % % % % % % % . . . . . . . . % % % % % %
% % % . . . . . . . . % % % % % % % % % % . . . . . % % % % % % % % . . . . .
% % % % % % % % . . . . . % % % % % % % . % % % % . % % % % . % % % % . % % %
% . % % % % . % % % % . % % % % . % % % % . % % % % . % % % % % % % % % . . .
% % % % % % % % % . . . % % % % % . . . . . % % % % . . . . . % % % % . . . .
. % % % % . . . . . % % % % % % . % % % . . . . . % % % . . . . . % % % . . .
% % % . . . % % % . . . . % % % . . . . . % % . . . . % % . . . . % % . . . %
% % . . . . . % % % . . . . % % % . . . . % % % . . . . . % % % . . . % % . %
% . % % . . . % % . % % . . . . . . . % % % % . . % % % % % % % % % . . % % %
. % % % . % % % . % % % . . % % % . % % % . . . . . . . . . . . . . . . . . .
. . . . . . . . . % % % . . % % % . . . . . . . . . . . . % % % . . % % % . .
. . . . . . . . . . . . . . . . % % % . . . . . . . . . % % % % % % . . . . .
. . . . . . . . . . . . . . . . . . % % % % % . . . . . . . . . % % % % % % %
% % % % % . . . . . . . . % % % . . % % % % . . . . . . % % % . . . . % % % .
. % % % % % . . . . . . . . . . . . % % % . . . . . % % % % % . . . . . . . %
% % . . . . . . . . . % % % % % % % % % % . . . . . . . . . . . % % % % . . %
% % . . % % % . . . % % % . . . . . . . . . . . . . % % % % % % . % % % % > %
% % % <*databib.sty % % % % % % . . % % % . % % % % % . % % % % . . % % % . %
% % % % % % . . . . . . . . % % % % % % % % % % . % % % % % % % % % . . % % %
% % % . % % % % . % % % % . % % % % . % % % % . % % % % . % % % % . % % % % .
% % % % . % % % % . % % % % . % % % % . % % % % . % % % % . % % % % % % % % %
% % % % % . . . . . . . % % % % % % % % % . % % % . . . . . . % % % . % % % .
% % % . . . % % % % % % . % % % % % % . % % % % % % % % % % % % % . . . . . .
. . . . . % % % % % % % % % % % % % % . . % % % % % . % % % . % % % . % % % .
. . . . . % % % % % . % % % . % % % . % % % . . . . . . % % % % % % % % % % %
% . % % % % % . % % % % % % % % % % % % . % % % % % % % % % % % . . . . % % %
% % % % % % % % . . . . . . . . . . . . . % % % % % % % % % . % % % % % % % %
% . . % % . . . . . . . . . . . . . . . . . . . . % % % % % % % % % . . . % %
% % % % % % % % . % % % % % % % % % . % % % % % % % % % % % . . . % % % % % %
% % % % . . % % % % % % % % % % % % % . . . % % % % % % % . % % % % % % . % %
% % % % % . % % % % % . % % % % % % % . . % % % % % % . . . . . . . . . . . .
. . . . . . . . . . . . . . . . . . . . . . . . . . . . . . . . . % % % % % %
% . . % % % % % % % . . . . . . . . . . . . . . . . . . . . . . . . . . . . .
. . . . . . . . . . . . . . . . . . . . . . . . % % % % % % % % % % . . . . .
. . . . . . . . % % % % % % % % % % % % . . . . % % % % % % % % % % % % . . .
. % % % % % % % % % % % . . . . . . . . % % % % % % % % % . . . % % % % % % %
% % % . . . . . . . . % % % % % % . . . . . . . . . . . . . . . . . . . . . .
. . . . . % % % % % % . . . . . . . . . . . . . . % % % % % % . . . . . . . .
. . . . . % % % % % % . . . . . . . . . . . % % % % % % . . . . . . . % % % %
% % . . . . . . . . . . . . . . . . . . . % % % % % . . . . . . . . . . . . .
. . . . . . . . . . . . . % % % % % . . . . . . . . . . . . . . . . . . . . .
. . . . . . . . % % % % % % . . . . . . . . . . . . . . % % % % % % . . . . .
. . . . . . . . . . . . . . . . . . % % % % % . . . . . . . . . . . . . . . .
. . . . % % % % % % % % % % % % % % % . . . % % % % . . % % % % % % % % % % %
% . . . % % % % . . . . . . . . . . . . . . . . . % % % % % % % % % % % . . .
% % % % . . . . . . . . . . . . . . . . . % % % % % % % % % % % % . . . % % %
% . . . . . . . . . . . . . . . . . % % % % % % % % % % % . . . % % % % . . .
. . . . . . . . . . . . . . % % % % % % % % % % % % . . . % % % % . . . . . .
. . . . . . . . . . . % % % % % % % % % % % % . . . % % % % . . . . . . % % %
% % % % % % % % . . . . . % % % % % % . . % % % % % . . . . . . . . . . . . .
. . % % % % % . . . . . . . . . . . . . . . % % % % % % . % % % % % % . % % %
% % % % % % % . . . . . % % % % % % . . . . . % % % % % % . % % % % % % . % %
% % % % . % % % % % % . % % % % % % . % % % % % % . % % % % % % . % % % % % %
. % % % % % % . % % % % % % . % % % % % % . % % % % % % . % % % % % % . % % %
% % % . % % % % % % % % . % % % % % . % % % % % . % % % % % . % % % % % . % %
% % % . % % % % % . % % % % % . . % % % % % . % % % % % . % % % % % . % % % %
% . % % % % % . % % % % % . % % % % % . % % % % % . % % % % % . % % % % % . .
% % % % % . . % % % % % . % % % % % % % % % % % . % % % . . . . . % % % . . %
% % . . . . . % % % . . . . . % % % . % % % . % % % . . . . . . . . . . . . .
. . . . . . . . . . % % % . . . . . . . . % . . . . . . . . . . . . . . . . .
. . . . . % % % . . . . . . . . . % . . . . . . . . . . . . . . . . . . . . .
. . . . . . . . . . . . . . . . . . % % % . . . . . . . . . . . . . . . . . .
. . . . % % % . . . . . . . . . . % . . . . . . . . . . . . . . . . . . . . .
. . . . . . . . . . . . . . . . . . . . . . . . . . % % % . . . . . . . . % .
. . . . . . . . . . . . . . . . . . . . . . . . . . . . . . . . . . . . . . .
. . . . . . . . . . . % % % . . . . . . . . . % . . . . . . . . . . . . . . .
. . . . . . . . . . . . . . . . . . . . . . . . . . . . . . . . . . . . . . .
. . . . . . . . . . . . . % % % . . . . . . . . . . . . . . . . . . . . . . .
. . . . . . . . . . . . . . . . . . . . . . . . . . . . . . . . . . . . . . .
% % % . . . . . . . . . . . . . . . . . . . . . . . . . . . . . . . . . % % %
. . . . . . . . . . . . . . . . . . . . . . . . . % % % . . . . . . . . . . .
. . . . . . . . . . . . . . . . . . . . . . % % % . . . . . . . . . . . . . .
. . . . . . . . . . . . . . . . . . . . . . . . . . . . . . . . . . . . . . .
. . . . . . . . . . . . % % % . . . . . . . . . . . . . . . . . . . . . . . .
. . . . . . . . . . . . . . . . % % % . . . . . . . . . . . . . . . % % % . %
% % % % % % . % % % . % % % . . . . . % % % . . . . . % % % . % % % . . . . .
. . . . . . . . . . . . . . . . % % % . % % % % % % % . % % % . % % % . . . .
% % % . . . . . . % % % % % . % % % % % % % % % % % % . . . . . . . . . . . .
. . . . . . . . . . . . . . . . . . . . . . . . . . . . . . . . . . . . . . .
. . . . . . . . . . . . . . % % % % % % % % . . . . . . . . . . . . . . . . .
. . . . . % % % % . . . . . . . % % % % . . . . . . . . . . . . . . . . . . %
% % . . . . . % % % . . . . . . . . . . . . . . . . . . . . . . . . . . . . .
. . . . . . . % % % % % % % % . . . % % % % . % % % % % % % % % % % % % % % %
. . . . . . . . . . . % % % . % % % % % % % % % % % % % . . % % % % . . . . .
. . . . . . . . . . . . . . . . . . . . % % % % % % % % % . . . . . . . . . .
. . . . . . . . . . . . . . % % % % % % % % . . . . . . . . . . . . . . . . %
% % % % % % % % % % . . . . . . . % % % % > % % % % <*databar.sty % % % % % .
. % % % . % % % . % % % % % . . % % % % . . % % % % . % % % % . % % % % . . .
. . . . . % % % % . % % % . . . . . . . . % % % . % % % . . % % % % % % % . .
% % % % % % . . % % % % % % % . . % % % % % . % % % % % . % % % % % % % . . %
% % % % % . % % % % % . % % % % % . % % % % % % . % % % % % % . % % % % % % %
% . % % % % % % % % . % % % % % % % . % % % % % % . % % % % % % . % % % % % %
% . % % % % % % % % % . . . % % % % % % % % % . . % % % % % % % % % . . . % %
% % % % % . . . . . . . . . % % % % % % % . % % % % % % % . . % % % % % % . .
. . . . . . . . . . . . . . . . . % % % % % % % % . % % % % % % . % % % . . %
% % . . . . . . % % % . . . . . . . . . . . . . . . . . . . . . . . % % % % .
. . % % % % . . . % % % . % % % . . . % % % . . . % % % % . . % % % . . . % %
% . . . % % % % . . . % % % . . . % % % . . . % % % . . . % % % % % % % % % %
% % % . . . . . . . . . . . . . . . % % % % % % . . . . . . . . . . . . . . .
. . . . . . . . . . % % % % . . . . . . . . . . . . . . . . . . . . . . % % %
. . . % % % . . . . . . . . . . . . . . . . . . . . . . . . . . . . . . . . .
. . . . % % % % % % % % % % % % % % % % % . . . % % % . % % % . % % % . . . .
. . . % % % . % % % . % % % . % % % . . % % % . . % % % . . . . . . . . . . %
% % . . . . . . . . . . . . % % % . . . . . . . % % % . . . . . . . . % % % .
. . . % % % . % % % . . . . . . . . . . . . . . % % % . . % % % . . . . . . .
. . . . . . . % % % . . . . % % % . % % % % . % % % . . % % % . . . . . . . .
. % % % . . . . . . . . . % % % . . . . . . . . . . . . . . . . . . . . . . .
. . . . . . . . . . . . . . . . % % % . . . . . . . . . . . . . . . . . % % %
. . . . . % % % % % % % % % % % % % % % . . . . . . . . . % % % % % % . . . .
. . . . . . . . . . . . . . . . . . % % % % . . . . . . . . . . . . . . . . .
. . . . % % % . . . % % % . . . . . . . . . . . . . . . . . . . . . . . . . .
. . . . . . . . . . . . . . . . . . . . . . . . . . . . . . . % % % . . . . .
. . . . . . . . . . % % % . . . . . % % % % . . . . . % % % . % % % . . . . .
. . % % % . % % % . % % % . % % % . % % % . . % % % . . % % % . % % % . % % %
. . % % % . . % % % . . % % % . . . . . . . . . . % % % . . . . . . . . . . .
. % % % . % % % . . . . . . . . . . . . . . . . . . . % % % . . . . . . . . .
. . . . . . . . . . . . . . . . . . . . . . . . . . % % % . % % % % . % % % .
. . % % . . . . . . . . . . . . . . . . . . . % % % . . % % % . . . . . . . .
. % % % . . . . . . . . . % % % . . . . . . . . . . . . . . . . . . . . . . .
. . . . . . . . . . . . . . . . % % % . . . . . . . . . . . . . . . . . % % %
. . . . % % % % > % % % % <*datapie.sty % % % % % . . % % % . % % % % % . . %
% % % . . % % % % . % % % % . % % % % . . % % % . . % % % . . % % % . % % % .
. % % % % % % % . . % % % % % . % % % % % . % % % % % . % % % % % . % % % % .
. % % % % . . % % % % . . % % % % % % % . % % % % % % % . % % % % . % % % % %
% . . % % % % % % % % % % . % % % % % % % % % % . % % % % % % % . . . . . . .
. % % % % % % % % . % % % % % % % % . % % % % % % % % % . . . % % % % % % % %
% . . % % % % % % % % % . . . % % % % % % . . . . . . . . . % % % % % % % . %
% % % % % % . . % % % % % % . . . . . . . . . . . . . . . . . . . % % % % . %
% % % . . . . % % % . . . % % % . . . % % % . . . % % % % . . % % % % . . % %
% % . . % % % . . % % % % . . % % % . . % % % . . % % % % % % % % % % % % % .
. . . . . . . % % % % % . . . . . . . % % % . . . . . . . . . . . . . . . . .
% % % . . . % % % . % % % . . . . % % % . . % % % . . % % % . . % % % . % % %
. . . . . . . . . . . . % % % . . % % % . . . . . . % % % . . . . . . % % % .
% % % . % % % % . . . . . . . . . . % % % . . . % % % . % % % % . . . . . . .
. . . % % % . . . . . % % % . . . . . . % % % . . . . . . . . % % % . . . . .
. . . % % % . . . . . . . . . . . . . . . . . . . % % % % % % % % % % % % % .
. % . % . . . % . % . . . . . . . . . . . . . % % % % % % . . . . . % % % % %
. . . . . . . . . . . % % % % % . % % % % % . . . . . . . . . . . . . . . . .
. . . . . . . . . . . . . % % % % > % % % % <*dataplot.sty % % % % % . . % % %
. . . % % % . . % % % % . % % % % % % % % % % % % % % . . . . . . . % % % % %
% % . . . . . . . . . . . % % % % % % . . . . . . . . . . % % % % % % % . . .
. . . . . % % % % % . . . . . . . . . . % % % % % % % . . % % % % % % % . . %
% % % % % . . % % % % % % . . % % % % % % . . % % % % % % . % % % % % % . % %
% % % % . . % % % % % % . . % % % % % % . . % % % % % % . . % % % % % % . . %
% % % % % . % % % % % % % . . % % % % % % . % % % % % % . % % % % % % . % % %
% % % % . . % % % % % % . . % % % % % % . % % % % % % . . % % % % . . % % % %
% % % % . . . % % % % % % . . % % % % % % . . % % % % % % % . % % % % % % % %
. . . . . . . . . . % % % % . . . . . % % % % % % % . % % % % % % . . % % % .
. % % % % . . % % % % . . % % % % . . . % % % % % . . % % % % % . . % % % . .
% % % . . % % % . . . . . . . . . . . % % % . . . . . . . . . . . . . . . . .
. . . . . . . % % % % . . % % % % % . . % % % % % . . % % % % % . . . % % % %
% . . . % % % % % . % % % % % . . . . . . . % % % % . . . . . . . % % % % . .
. . . . . . . % % % % % . . . % % % . . . % % % . . . % % % . . . % % % . . .
% % % % . . . % % % % . . . % % % % . . . % % % % . . . % % % . . . % % % . .
. % % % . . . % % % . . . % % % % % % . . . . % % % % . % % % % % % % % % . .
. . . . . . . . . . . . . . . . . . . . % % % % % . . . . . . . . . . . . . .
. . . . . % % % . . . % % % % % % % % % % . . . . . . . . . . % % % % . . . %
% % . . . % % % . . . . . . . . . . % % % . . . . . . . . . . . . % % % . . .
. . . . . % % % % . . . . % % % . . . % % % . . . . . . . . . . % % % . . . .
. . . . . . . . % % % % . . . . . . . . . . . . . . . . . . . . . % % % . % %
% . . % % % % % . . . % % % . . % % % . . . . . % % % . . . . % % % . . . . .
% % % . . . . . . . . . . . . . . . . . . . . . . % % % . % % % . . . % % % .
. . . % % % . % % % . . . . . . . . % % % . . . . . . . . % % % . . . . . . .
. . % % % . . % % % . . . . % % % . . . . % % % . % % % . . . % % % . . . . .
. . . . % % % . . . . . . . . . % % % . % % % . . . % % % . . . . % % % . % %
% . . . . . . . . % % % . . . . . . . . % % % . . . . . . . . . % % % . . . .
. . . . % % % . . . . % % % . % % % . . . % % % . . . . . . % % % . . . . . .
. . . % % % % . % % % . % % % . . . . . . % % % . . . . . . . . . . . . . . .
. . . . . . . % % % . . . . . . % % % . . . . . . . . . . . . . . . . . . . .
. . % % % . . . . . . . . . % % % . % % % % % . . . . . . . . . . . % % % . .
. . . . . . . . . . . % % % . . . . . . . . . . . . . . . . . . % % % . . . .
. . . . . . . . . . . . . . . . . . . . . . . . . . . . . . . . . . . . . . .
. . . . . . . . . . . . . . . . . . . . . . . . . . . . . . . . . . . . . . .
. . . . . . . . . % % % % . . % % % . . . . . . . % % % % % % % . . . . . . .
. . . . . . . . . % % % % % % % % % % % . . . % % % . . . . . . . . . . . . .
. % % % . . . . . . . % % % . . . . % % % . . . . . . . . . . . . . % % % % %
% % % % % % % . . . . . . . . . . . . % % % % % % % % % % % % . . . . . . . .
. . . . . . . . . . . . . . . . . . . % % % % % % % % % % % . . . . . . . . .
. . . . . . . . . . . . . . . . % % % % % % % % % % % % % % . . . . . . . . .
. . . . . % % % % % % % % % % % . . . . . . . . . . . . . . . . . . . . . . .
. . % % % % > % % % % <*person.sty % % % % % % . . % % % . . % % % % % . % % %
% % . % % % % % . % % % % % % . . . . . % % % % % % % . % % % % % . . . . . %
% % % % . . . . . % % % % % % % . % % % % % % % % % . . . % % % % % % % % % .
. . % % % % % % % % % % % . . . . . . . . . . . . . . . . . . . . . . . . . .
. . . . % % % % % % % % . . . . % % % . . . % % % . . . . % % % . % % % . . .
. . . . . . . . . % % % % % . . . . . . . . % % % % % . . . . . . . . . . . .
% % % % % % % % . . . % % % % % % % . . . . . . . . . . . . . . . % % % % % %
% % . . . . . . . . . . . . . . . . . . . . % % % % % % % . . . . . . . . . .
. . . . . % % % % % % % . . . . . . . . . . . . . . % % % % % % % % % % . . .
. . . . . . . . . . . . . . . . . . . . . . . . . . . . . . . . . % % % % % %
% % % . % % % % . % % % % . % % % % . % % % % . % % % % . % % % % . % % % % .
% % % % . % % % % . % % % % . % % % % . % % % % . % % % % . % % % % . % % % %
. % % % % . % % % % . % % % % . % % % % . % % % % . % % % % . % % % % . % % %
% . % % % % . % % % % % % . % % % % . % % % % . % % % % % % % . % % % % % . %
% % % % . % % % % % % % % % % . . . . . . . . . % % % % % % % . . . . . . . .
. . . . . . . . . . . . . . . . . % % % % % % . . . . . . . . . % % % % % % %
. . . . . . . . . . . . . . . . . . . . . . . . . % % % % % % . . . . . . . .
. . % % % % % . . . . . . . . . . . % % % % % % % . . . . . . . . % % % % % %
. . . . . . . . % % % % % % . . . . . . . . . . % % % % % . . . . . . . . . .
. % % % % % % . . . . . . . . % % % % % . . . . . . . . % % % % % % % . . . .
. . . . . . % % % % % . . . . . . . . . . . % % % % % % . . . . . . . . % % %
% % . . . . . . . . % % % % % % % . . . . . . . . . . % % % % % . . . . . . .
. . . . % % % % % % . . . . . . . . % % % % % . . . . . . . . % % % % % % % .
. . . . . . . . . % % % % % % . . . . . . . . . . . % % % % % % % % % . . . .
. . . . . . % % % % % % . . . . . . . . . . . . % % % % % % % . . . . . . . .
. . % % % % % % . . . . . . . . . . . % % % % % % % . . . . . . . . % % % % %
% . . . . . . . . % % % % % % % . . . . . . . . . . % % % % % % % . . . . . .
. . . . . % % % % % % % % . . . . . . . . . . % % % % % % % . . . % % % % % %
% % % . . . % % % % % % % . . . . . . . . . % % % % % % % . . . . . . . . . .
% % % % > % % % % <*databib.bst % % % . . . . . . . . . . . . . . . . . . . .
. . . . . . . . . . . . . . . . . . . . . . . . . . . . . . . . . . . . . . .
. . . . . . . . . . . . . . . . . . . . . . . . . . . . . . . . . . . . . . .
. . . . . . . . . . . . . . . . . . . . . . . . . . . . . . . . . . . . . . .
. . . . . . . . . . . . . . . . . . . . . . . . . . . . . . . . . . . . . . .
. . . . . . . . . . . . . . . . . . . . . . . . . . . . . . . . . . . . . . .
. . . . . . . . . . . . . . . . . . . . . . . . . . . . . . . . . . . . . . .
. . . . . . . . . . . . . . . . . . . . . . . . . . . . . . . . . . . . . . .
. . . . . . . . . . . . . . . . . . . . . . . . . . . . . . . . . . . . . . .
. . . . . . . . . . . . . . . . . . . . . . . . . . . . . . . . . . . . . . .
. . . . . . . . . . . . . . . . . . . . . . . . . . . . . . . . . . . . . . .
. . . . . . . . . . . . . . . . . . . . . . . . . . . . . . . . . . . . . . .
. . . . . . . . . . . . . . . . . . . . . . . . . . . . . . . . . . . . . . .
. . . . . . . . . . . . . . . . . . . . . . . . . . . . . . . . . . . . . . .
. . . . . . . . . . . . . . . . . . . . . . . . . . . . . . . . . . . . . . .
. . . . . . . . . . . . . . . . . . . . . . . . . . . . . . . . . . . . . . .
. . . . . . . . . . . . . . . . . . . . . . . . . . . . . . . . . . . . . . .
. . . . . . . . . . . . . . . . . . . . . . . . . . . . . . . . . . . . . . .
. . . . . . . . . . . . . . . . . . . . . . . . . . . . . . . . . . . . . . .
. . . . . . . . . . . . . . . . . . . . . . . . . . . . . . . . . . . . . . .
. . . . . . . . . . . . . . . . . . . . . . . . . . . . . . . . . . . . . . .
. . . . . . . . . . . . . . . . . . . . . . . . . . . . . . . . . . . . . . .
. . . . . . . . . . . . . . . . . . . . . . . . . . . . . . . . . . . . . . .
. . . . . . . . . . . . . . . . . . . . . . . . . . . . . . . . . . . . . . .
. . . . . . . . . . . . . . . . . . . . . . . . . . . . . . . . . . . . . . .
. . . . . . . . . . . . . . . . . . . . . . . . . . . . . . . . . . . . . . .
. . . . . . . . . . . . . . . . . . . . . . . . . . . . . . . . . . . . . . .
. . . . . . . . . . . . . . . . . . . . . . . . . . . . . . . . . . . . . . .
. . . . . . . . . . . . . . . . . . . . . . . . . . . . . . . . . . . . . . .
. . . . . . . . . . . . . . . . . . . . . . . . . . . . . . . . . . . . . . .
. . . . . . . . . . . . . . . . . . . . . . . . . . . . . . . . . . . . . . .
. . . . . . . . . . . . . . . . . . . . . . . . . . . . . . . . . . . . . . .
. . . . . . . . . . . . . . . . . . . . . . . . . . . . % % % > % % %
File datatool.dtx ended by \endinput.
Lines  processed: 27619
Comments removed: 12793
Comments  passed: 15
Codelines passed: 14785

 ) 
Here is how much of TeX's memory you used:
 406 strings out of 493611
 4448 string characters out of 3142427
 56632 words of memory out of 3000000
 3799 multiletter control sequences out of 15000+200000
 3640 words of font info for 14 fonts, out of 3000000 for 9000
 831 hyphenation exceptions out of 8191
 11i,0n,15p,263b,229s stack positions out of 5000i,500n,10000p,200000b,50000s

No pages of output.
